<?xml version="1.0" encoding="UTF-8"?>
<!-- Generated by org.testng.reporters.JUnitReportReporter -->
<testsuite hostname="01HW1825492" failures="0" tests="1" name="packageofpomamazon.Project_POM_Amazon.TestCase1" time="22.353" errors="0" timestamp="2025-01-31T15:04:17 IST" skipped="0">
  <testcase classname="packageofpomamazon.Project_POM_Amazon.TestCase1" name="logintoamazon_search_logout" time="22.353"/>
</testsuite> <!-- packageofpomamazon.Project_POM_Amazon.TestCase1 -->
